<?xml version="1.0" encoding="UTF-8"?>
<testng-results skipped="0" failed="0" ignored="0" total="1" passed="1">
  <reporter-output>
  </reporter-output>
  <suite name="Suite" duration-ms="60765" started-at="2020-11-20T06:40:11 IST" finished-at="2020-11-20T06:41:12 IST">
    <groups>
      <group name="cucumber">
        <method signature="AbstractTestNGCucumberTests.feature(cucumber.api.testng.CucumberFeatureWrapper)[pri:0, instance:au.com.nab.qa.runners.TestRunnerChrome@52feb982]" name="feature" class="cucumber.api.testng.AbstractTestNGCucumberTests"/>
      </group> <!-- cucumber -->
    </groups>
    <test name="ChromeTest" duration-ms="60765" started-at="2020-11-20T06:40:11 IST" finished-at="2020-11-20T06:41:12 IST">
      <class name="au.com.nab.qa.runners.TestRunnerChrome">
        <test-method status="PASS" signature="setUpClass()[pri:0, instance:au.com.nab.qa.runners.TestRunnerChrome@52feb982]" name="setUpClass" is-config="true" duration-ms="290" started-at="2020-11-20T06:40:11 IST" finished-at="2020-11-20T06:40:11 IST">
          <reporter-output>
          </reporter-output>
        </test-method> <!-- setUpClass -->
        <test-method status="PASS" signature="selectBrowser()[pri:0, instance:au.com.nab.qa.runners.TestRunnerChrome@52feb982]" name="selectBrowser" is-config="true" duration-ms="1" started-at="2020-11-20T06:40:11 IST" finished-at="2020-11-20T06:40:11 IST">
          <reporter-output>
          </reporter-output>
        </test-method> <!-- selectBrowser -->
        <test-method status="PASS" signature="feature(cucumber.api.testng.CucumberFeatureWrapper)[pri:0, instance:au.com.nab.qa.runners.TestRunnerChrome@52feb982]" name="feature" duration-ms="59892" started-at="2020-11-20T06:40:12 IST" description="Runs Cucumber Feature" data-provider="features" finished-at="2020-11-20T06:41:11 IST">
          <params>
            <param index="0">
              <value>
                <![CDATA[Test login through DXC Global Pass for the CVX application URL]]>
              </value>
            </param>
          </params>
          <reporter-output>
          </reporter-output>
        </test-method> <!-- feature -->
        <test-method status="FAIL" signature="writeExtentReport()[pri:0, instance:au.com.nab.qa.runners.TestRunnerChrome@52feb982]" name="writeExtentReport" is-config="true" duration-ms="1" started-at="2020-11-20T06:41:11 IST" finished-at="2020-11-20T06:41:11 IST">
          <exception class="java.lang.NoSuchMethodError">
            <message>
              <![CDATA[com.aventstack.extentreports.reporter.ExtentHtmlReporter.loadXMLConfig(Ljava/io/File;)V]]>
            </message>
            <full-stacktrace>
              <![CDATA[java.lang.NoSuchMethodError: com.aventstack.extentreports.reporter.ExtentHtmlReporter.loadXMLConfig(Ljava/io/File;)V
at com.cucumber.listener.Reporter.loadXMLConfig(Reporter.java:56)
at au.com.nab.qa.runners.TestRunnerChrome.writeExtentReport(TestRunnerChrome.java:36)
at sun.reflect.NativeMethodAccessorImpl.invoke0(Native Method)
at sun.reflect.NativeMethodAccessorImpl.invoke(Unknown Source)
at sun.reflect.DelegatingMethodAccessorImpl.invoke(Unknown Source)
at java.lang.reflect.Method.invoke(Unknown Source)
at org.testng.internal.MethodInvocationHelper.invokeMethod(MethodInvocationHelper.java:132)
at org.testng.internal.MethodInvocationHelper.invokeMethodConsideringTimeout(MethodInvocationHelper.java:61)
at org.testng.internal.ConfigInvoker.invokeConfigurationMethod(ConfigInvoker.java:366)
at org.testng.internal.ConfigInvoker.invokeConfigurations(ConfigInvoker.java:320)
at org.testng.internal.TestMethodWorker.invokeAfterClassMethods(TestMethodWorker.java:217)
at org.testng.internal.TestMethodWorker.run(TestMethodWorker.java:130)
at java.util.ArrayList.forEach(Unknown Source)
at org.testng.TestRunner.privateRun(TestRunner.java:764)
at org.testng.TestRunner.run(TestRunner.java:585)
at org.testng.SuiteRunner.runTest(SuiteRunner.java:384)
at org.testng.SuiteRunner.runSequentially(SuiteRunner.java:378)
at org.testng.SuiteRunner.privateRun(SuiteRunner.java:337)
at org.testng.SuiteRunner.run(SuiteRunner.java:286)
at org.testng.SuiteRunnerWorker.runSuite(SuiteRunnerWorker.java:53)
at org.testng.SuiteRunnerWorker.run(SuiteRunnerWorker.java:96)
at org.testng.TestNG.runSuitesSequentially(TestNG.java:1218)
at org.testng.TestNG.runSuitesLocally(TestNG.java:1140)
at org.testng.TestNG.runSuites(TestNG.java:1069)
at org.testng.TestNG.run(TestNG.java:1037)
at org.testng.remote.AbstractRemoteTestNG.run(AbstractRemoteTestNG.java:115)
at org.testng.remote.RemoteTestNG.initAndRun(RemoteTestNG.java:251)
at org.testng.remote.RemoteTestNG.main(RemoteTestNG.java:77)
]]>
            </full-stacktrace>
          </exception> <!-- java.lang.NoSuchMethodError -->
          <reporter-output>
          </reporter-output>
        </test-method> <!-- writeExtentReport -->
        <test-method status="PASS" signature="tearDownClass()[pri:0, instance:au.com.nab.qa.runners.TestRunnerChrome@52feb982]" name="tearDownClass" is-config="true" duration-ms="422" started-at="2020-11-20T06:41:11 IST" finished-at="2020-11-20T06:41:12 IST">
          <reporter-output>
          </reporter-output>
        </test-method> <!-- tearDownClass -->
      </class> <!-- au.com.nab.qa.runners.TestRunnerChrome -->
    </test> <!-- ChromeTest -->
  </suite> <!-- Suite -->
</testng-results>
