-------------------------------------------------------------------------------
Test set: TestSuite
-------------------------------------------------------------------------------
Tests run: 2, Failures: 1, Errors: 0, Skipped: 0, Time elapsed: 62.291 s <<< FAILURE! - in TestSuite
au.com.nab.qa.runners.TestRunnerChrome.writeExtentReport  Time elapsed: 60.366 s  <<< FAILURE!
java.lang.NoSuchMethodError: com.aventstack.extentreports.reporter.ExtentHtmlReporter.loadXMLConfig(Ljava/io/File;)V
	at au.com.nab.qa.runners.TestRunnerChrome.writeExtentReport(TestRunnerChrome.java:36)

