<?xml version="1.0" encoding="UTF-8"?>
<testng-results skipped="0" failed="0" ignored="0" total="1" passed="1">
  <reporter-output>
  </reporter-output>
  <suite name="Suite" duration-ms="61147" started-at="2020-11-20T06:37:41 IST" finished-at="2020-11-20T06:38:42 IST">
    <groups>
      <group name="cucumber">
        <method signature="AbstractTestNGCucumberTests.feature(cucumber.api.testng.CucumberFeatureWrapper)[pri:0, instance:au.com.nab.qa.runners.TestRunnerChrome@610694f1]" name="feature" class="cucumber.api.testng.AbstractTestNGCucumberTests"/>
      </group> <!-- cucumber -->
    </groups>
    <test name="ChromeTest" duration-ms="61147" started-at="2020-11-20T06:37:41 IST" finished-at="2020-11-20T06:38:42 IST">
      <class name="au.com.nab.qa.runners.TestRunnerChrome">
        <test-method status="PASS" signature="setUpClass()[pri:0, instance:au.com.nab.qa.runners.TestRunnerChrome@610694f1]" name="setUpClass" is-config="true" duration-ms="292" started-at="2020-11-20T06:37:41 IST" finished-at="2020-11-20T06:37:41 IST">
          <reporter-output>
          </reporter-output>
        </test-method> <!-- setUpClass -->
        <test-method status="PASS" signature="selectBrowser()[pri:0, instance:au.com.nab.qa.runners.TestRunnerChrome@610694f1]" name="selectBrowser" is-config="true" duration-ms="0" started-at="2020-11-20T06:37:41 IST" finished-at="2020-11-20T06:37:41 IST">
          <reporter-output>
          </reporter-output>
        </test-method> <!-- selectBrowser -->
        <test-method status="PASS" signature="feature(cucumber.api.testng.CucumberFeatureWrapper)[pri:0, instance:au.com.nab.qa.runners.TestRunnerChrome@610694f1]" name="feature" duration-ms="60304" started-at="2020-11-20T06:37:41 IST" description="Runs Cucumber Feature" data-provider="features" finished-at="2020-11-20T06:38:42 IST">
          <params>
            <param index="0">
              <value>
                <![CDATA[Test login through DXC Global Pass for the CVX application URL]]>
              </value>
            </param>
          </params>
          <reporter-output>
          </reporter-output>
        </test-method> <!-- feature -->
        <test-method status="FAIL" signature="writeExtentReport()[pri:0, instance:au.com.nab.qa.runners.TestRunnerChrome@610694f1]" name="writeExtentReport" is-config="true" duration-ms="2" started-at="2020-11-20T06:38:42 IST" finished-at="2020-11-20T06:38:42 IST">
          <exception class="java.lang.NoSuchMethodError">
            <message>
              <![CDATA[com.aventstack.extentreports.reporter.ExtentHtmlReporter.loadXMLConfig(Ljava/io/File;)V]]>
            </message>
            <full-stacktrace>
              <![CDATA[java.lang.NoSuchMethodError: com.aventstack.extentreports.reporter.ExtentHtmlReporter.loadXMLConfig(Ljava/io/File;)V
at com.cucumber.listener.Reporter.loadXMLConfig(Reporter.java:56)
at au.com.nab.qa.runners.TestRunnerChrome.writeExtentReport(TestRunnerChrome.java:36)
at sun.reflect.NativeMethodAccessorImpl.invoke0(Native Method)
at sun.reflect.NativeMethodAccessorImpl.invoke(NativeMethodAccessorImpl.java:62)
at sun.reflect.DelegatingMethodAccessorImpl.invoke(DelegatingMethodAccessorImpl.java:43)
at java.lang.reflect.Method.invoke(Method.java:498)
at org.testng.internal.MethodInvocationHelper.invokeMethod(MethodInvocationHelper.java:132)
at org.testng.internal.MethodInvocationHelper.invokeMethodConsideringTimeout(MethodInvocationHelper.java:61)
at org.testng.internal.ConfigInvoker.invokeConfigurationMethod(ConfigInvoker.java:366)
at org.testng.internal.ConfigInvoker.invokeConfigurations(ConfigInvoker.java:320)
at org.testng.internal.TestMethodWorker.invokeAfterClassMethods(TestMethodWorker.java:217)
at org.testng.internal.TestMethodWorker.run(TestMethodWorker.java:130)
at java.util.ArrayList.forEach(ArrayList.java:1257)
at org.testng.TestRunner.privateRun(TestRunner.java:764)
at org.testng.TestRunner.run(TestRunner.java:585)
at org.testng.SuiteRunner.runTest(SuiteRunner.java:384)
at org.testng.SuiteRunner.runSequentially(SuiteRunner.java:378)
at org.testng.SuiteRunner.privateRun(SuiteRunner.java:337)
at org.testng.SuiteRunner.run(SuiteRunner.java:286)
at org.testng.SuiteRunnerWorker.runSuite(SuiteRunnerWorker.java:53)
at org.testng.SuiteRunnerWorker.run(SuiteRunnerWorker.java:96)
at org.testng.TestNG.runSuitesSequentially(TestNG.java:1218)
at org.testng.TestNG.runSuitesLocally(TestNG.java:1140)
at org.testng.TestNG.runSuites(TestNG.java:1069)
at org.testng.TestNG.run(TestNG.java:1037)
at org.apache.maven.surefire.testng.TestNGExecutor.run(TestNGExecutor.java:284)
at org.apache.maven.surefire.testng.TestNGXmlTestSuite.execute(TestNGXmlTestSuite.java:75)
at org.apache.maven.surefire.testng.TestNGProvider.invoke(TestNGProvider.java:119)
at org.apache.maven.surefire.booter.ForkedBooter.runSuitesInProcess(ForkedBooter.java:428)
at org.apache.maven.surefire.booter.ForkedBooter.execute(ForkedBooter.java:162)
at org.apache.maven.surefire.booter.ForkedBooter.run(ForkedBooter.java:562)
at org.apache.maven.surefire.booter.ForkedBooter.main(ForkedBooter.java:548)
]]>
            </full-stacktrace>
          </exception> <!-- java.lang.NoSuchMethodError -->
          <reporter-output>
          </reporter-output>
        </test-method> <!-- writeExtentReport -->
        <test-method status="PASS" signature="tearDownClass()[pri:0, instance:au.com.nab.qa.runners.TestRunnerChrome@610694f1]" name="tearDownClass" is-config="true" duration-ms="399" started-at="2020-11-20T06:38:42 IST" finished-at="2020-11-20T06:38:42 IST">
          <reporter-output>
          </reporter-output>
        </test-method> <!-- tearDownClass -->
      </class> <!-- au.com.nab.qa.runners.TestRunnerChrome -->
    </test> <!-- ChromeTest -->
  </suite> <!-- Suite -->
</testng-results>
