<?xml version="1.0" encoding="UTF-8"?>
<!-- Generated by org.testng.reporters.JUnitXMLReporter -->
<testsuite hostname="IN5CG9292KLF" ignored="0" name="ChromeTest" tests="1" failures="0" timestamp="2020-11-20T06:38:42 IST" time="61.147" errors="0">
  <testcase name="@AfterClass writeExtentReport" time="0.002" classname="au.com.nab.qa.runners.TestRunnerChrome">
    <failure type="java.lang.NoSuchMethodError" message="com.aventstack.extentreports.reporter.ExtentHtmlReporter.loadXMLConfig(Ljava/io/File;)V">
      <![CDATA[java.lang.NoSuchMethodError: com.aventstack.extentreports.reporter.ExtentHtmlReporter.loadXMLConfig(Ljava/io/File;)V
at com.cucumber.listener.Reporter.loadXMLConfig(Reporter.java:56)
at au.com.nab.qa.runners.TestRunnerChrome.writeExtentReport(TestRunnerChrome.java:36)
at java.util.ArrayList.forEach(ArrayList.java:1257)
... Removed 29 stack frames]]>
    </failure>
  </testcase> <!-- @AfterClass writeExtentReport -->
  <testcase name="feature" time="60.304" classname="cucumber.api.testng.AbstractTestNGCucumberTests"/>
</testsuite> <!-- ChromeTest -->
